mode: atomic
github.com/ZulferDev/smallbt_go/cmd/demo_montecarlo/main.go:10.13,20.61 6 0
github.com/ZulferDev/smallbt_go/cmd/demo_montecarlo/main.go:20.61,22.3 1 0
github.com/ZulferDev/smallbt_go/cmd/demo_montecarlo/main.go:23.2,27.61 3 0
github.com/ZulferDev/smallbt_go/cmd/demo_montecarlo/main.go:27.61,29.3 1 0
github.com/ZulferDev/smallbt_go/cmd/demo_montecarlo/main.go:30.2,34.61 3 0
github.com/ZulferDev/smallbt_go/cmd/demo_montecarlo/main.go:34.61,36.3 1 0
github.com/ZulferDev/smallbt_go/cmd/demo_montecarlo/main.go:37.2,41.68 3 0
github.com/ZulferDev/smallbt_go/cmd/demo_montecarlo/main.go:41.68,43.3 1 0
github.com/ZulferDev/smallbt_go/cmd/demo_montecarlo/main.go:44.2,48.62 3 0
github.com/ZulferDev/smallbt_go/cmd/demo_montecarlo/main.go:48.62,50.3 1 0
github.com/ZulferDev/smallbt_go/cmd/demo_montecarlo/main.go:51.2,85.72 29 0
github.com/ZulferDev/smallbt_go/cmd/demo_montecarlo/main.go:88.53,97.31 6 0
github.com/ZulferDev/smallbt_go/cmd/demo_montecarlo/main.go:97.31,103.14 4 0
github.com/ZulferDev/smallbt_go/cmd/demo_montecarlo/main.go:103.14,105.4 1 0
github.com/ZulferDev/smallbt_go/cmd/demo_montecarlo/main.go:108.3,121.36 4 0
github.com/ZulferDev/smallbt_go/cmd/demo_montecarlo/main.go:125.2,170.3 12 0
github.com/ZulferDev/smallbt_go/cmd/demo_montecarlo/main.go:173.46,174.22 1 0
github.com/ZulferDev/smallbt_go/cmd/demo_montecarlo/main.go:174.22,176.3 1 0
github.com/ZulferDev/smallbt_go/cmd/demo_montecarlo/main.go:177.2,178.27 2 0
github.com/ZulferDev/smallbt_go/cmd/demo_montecarlo/main.go:178.27,180.3 1 0
github.com/ZulferDev/smallbt_go/cmd/demo_montecarlo/main.go:181.2,181.35 1 0
github.com/ZulferDev/smallbt_go/cmd/demo_montecarlo/main.go:184.48,185.22 1 0
github.com/ZulferDev/smallbt_go/cmd/demo_montecarlo/main.go:185.22,187.3 1 0
github.com/ZulferDev/smallbt_go/cmd/demo_montecarlo/main.go:188.2,189.24 2 0
github.com/ZulferDev/smallbt_go/cmd/demo_montecarlo/main.go:189.24,191.3 1 0
github.com/ZulferDev/smallbt_go/cmd/demo_montecarlo/main.go:192.2,192.20 1 0
github.com/ZulferDev/smallbt_go/cmd/demo_montecarlo/main.go:195.62,196.22 1 0
github.com/ZulferDev/smallbt_go/cmd/demo_montecarlo/main.go:196.22,198.3 1 0
github.com/ZulferDev/smallbt_go/cmd/demo_montecarlo/main.go:199.2,200.27 2 0
github.com/ZulferDev/smallbt_go/cmd/demo_montecarlo/main.go:200.27,203.3 2 0
github.com/ZulferDev/smallbt_go/cmd/demo_montecarlo/main.go:204.2,205.17 2 0
github.com/ZulferDev/smallbt_go/cmd/demo_analytics/main.go:15.13,124.67 11 0
github.com/ZulferDev/smallbt_go/cmd/demo_analytics/main.go:124.67,127.3 2 0
github.com/ZulferDev/smallbt_go/cmd/demo_analytics/main.go:128.2,133.28 4 0
github.com/ZulferDev/smallbt_go/cmd/demo_analytics/main.go:133.28,134.16 1 0
github.com/ZulferDev/smallbt_go/cmd/demo_analytics/main.go:134.16,136.18 2 0
github.com/ZulferDev/smallbt_go/cmd/demo_analytics/main.go:136.18,138.10 2 0
github.com/ZulferDev/smallbt_go/cmd/demo_analytics/main.go:144.2,156.15 10 0
github.com/ZulferDev/smallbt_go/cmd/demo_report/main.go:16.13,37.16 8 0
github.com/ZulferDev/smallbt_go/cmd/demo_report/main.go:37.16,39.3 1 0
github.com/ZulferDev/smallbt_go/cmd/demo_report/main.go:41.2,42.81 2 0
github.com/ZulferDev/smallbt_go/cmd/demo_report/main.go:42.81,44.3 1 0
github.com/ZulferDev/smallbt_go/cmd/demo_report/main.go:45.2,58.16 5 0
github.com/ZulferDev/smallbt_go/cmd/demo_report/main.go:58.16,60.3 1 0
github.com/ZulferDev/smallbt_go/cmd/demo_report/main.go:62.2,63.77 2 0
github.com/ZulferDev/smallbt_go/cmd/demo_report/main.go:63.77,65.3 1 0
github.com/ZulferDev/smallbt_go/cmd/demo_report/main.go:66.2,79.16 5 0
github.com/ZulferDev/smallbt_go/cmd/demo_report/main.go:79.16,81.3 1 0
github.com/ZulferDev/smallbt_go/cmd/demo_report/main.go:83.2,87.41 5 0
github.com/ZulferDev/smallbt_go/cmd/demo_report/main.go:90.63,205.2 4 0
github.com/ZulferDev/smallbt_go/cmd/demo_walkforward/main.go:13.13,23.65 6 0
github.com/ZulferDev/smallbt_go/cmd/demo_walkforward/main.go:23.65,25.3 1 0
github.com/ZulferDev/smallbt_go/cmd/demo_walkforward/main.go:26.2,30.64 3 0
github.com/ZulferDev/smallbt_go/cmd/demo_walkforward/main.go:30.64,32.3 1 0
github.com/ZulferDev/smallbt_go/cmd/demo_walkforward/main.go:33.2,37.72 3 0
github.com/ZulferDev/smallbt_go/cmd/demo_walkforward/main.go:37.72,39.3 1 0
github.com/ZulferDev/smallbt_go/cmd/demo_walkforward/main.go:40.2,64.72 19 0
github.com/ZulferDev/smallbt_go/cmd/demo_walkforward/main.go:67.60,110.25 4 0
github.com/ZulferDev/smallbt_go/cmd/demo_walkforward/main.go:110.25,141.3 4 0
github.com/ZulferDev/smallbt_go/cmd/demo_walkforward/main.go:143.2,143.12 1 0
github.com/ZulferDev/smallbt_go/cmd/demo_walkforward/main.go:146.64,148.53 1 0
github.com/ZulferDev/smallbt_go/cmd/demo_walkforward/main.go:148.53,150.3 1 0
github.com/ZulferDev/smallbt_go/cmd/demo_walkforward/main.go:151.2,154.50 2 0
github.com/ZulferDev/smallbt_go/cmd/demo_walkforward/main.go:154.50,156.3 1 0
github.com/ZulferDev/smallbt_go/cmd/demo_walkforward/main.go:157.2,160.56 2 0
github.com/ZulferDev/smallbt_go/cmd/demo_walkforward/main.go:160.56,162.3 1 0
github.com/ZulferDev/smallbt_go/cmd/demo_walkforward/main.go:163.2,163.64 1 0
github.com/ZulferDev/smallbt_go/cmd/demo_walkforward/main.go:166.46,169.2 1 0
github.com/ZulferDev/smallbt_go/examples/montecarlo_example.go:11.13,44.2 14 0
github.com/ZulferDev/smallbt_go/examples/montecarlo_example.go:46.48,171.2 2 0
github.com/ZulferDev/smallbt_go/examples/montecarlo_example.go:173.59,182.16 4 0
github.com/ZulferDev/smallbt_go/examples/montecarlo_example.go:182.16,184.3 1 0
github.com/ZulferDev/smallbt_go/examples/montecarlo_example.go:186.2,186.22 1 0
github.com/ZulferDev/smallbt_go/examples/montecarlo_example.go:189.60,198.16 4 0
github.com/ZulferDev/smallbt_go/examples/montecarlo_example.go:198.16,200.3 1 0
github.com/ZulferDev/smallbt_go/examples/montecarlo_example.go:202.2,202.22 1 0
github.com/ZulferDev/smallbt_go/examples/montecarlo_example.go:205.54,214.16 4 0
github.com/ZulferDev/smallbt_go/examples/montecarlo_example.go:214.16,216.3 1 0
github.com/ZulferDev/smallbt_go/examples/montecarlo_example.go:218.2,218.22 1 0
github.com/ZulferDev/smallbt_go/examples/montecarlo_example.go:221.48,237.48 15 0
github.com/ZulferDev/smallbt_go/examples/montecarlo_example.go:237.48,244.3 1 0
github.com/ZulferDev/smallbt_go/examples/custom_analyzers/main.go:17.43,19.2 1 0
github.com/ZulferDev/smallbt_go/examples/custom_analyzers/main.go:21.91,22.34 1 0
github.com/ZulferDev/smallbt_go/examples/custom_analyzers/main.go:22.34,24.3 1 0
github.com/ZulferDev/smallbt_go/examples/custom_analyzers/main.go:26.2,29.43 3 0
github.com/ZulferDev/smallbt_go/examples/custom_analyzers/main.go:29.43,30.23 1 0
github.com/ZulferDev/smallbt_go/examples/custom_analyzers/main.go:30.23,32.33 2 0
github.com/ZulferDev/smallbt_go/examples/custom_analyzers/main.go:32.33,34.5 1 0
github.com/ZulferDev/smallbt_go/examples/custom_analyzers/main.go:35.9,37.4 1 0
github.com/ZulferDev/smallbt_go/examples/custom_analyzers/main.go:40.2,40.23 1 0
github.com/ZulferDev/smallbt_go/examples/custom_analyzers/main.go:46.44,48.2 1 0
github.com/ZulferDev/smallbt_go/examples/custom_analyzers/main.go:50.92,51.34 1 0
github.com/ZulferDev/smallbt_go/examples/custom_analyzers/main.go:51.34,53.3 1 0
github.com/ZulferDev/smallbt_go/examples/custom_analyzers/main.go:55.2,58.43 3 0
github.com/ZulferDev/smallbt_go/examples/custom_analyzers/main.go:58.43,59.24 1 0
github.com/ZulferDev/smallbt_go/examples/custom_analyzers/main.go:59.24,61.33 2 0
github.com/ZulferDev/smallbt_go/examples/custom_analyzers/main.go:61.33,63.5 1 0
github.com/ZulferDev/smallbt_go/examples/custom_analyzers/main.go:64.9,66.4 1 0
github.com/ZulferDev/smallbt_go/examples/custom_analyzers/main.go:69.2,69.23 1 0
github.com/ZulferDev/smallbt_go/examples/custom_analyzers/main.go:75.50,77.2 1 0
github.com/ZulferDev/smallbt_go/examples/custom_analyzers/main.go:79.98,80.34 1 0
github.com/ZulferDev/smallbt_go/examples/custom_analyzers/main.go:80.34,82.3 1 0
github.com/ZulferDev/smallbt_go/examples/custom_analyzers/main.go:84.2,85.43 2 0
github.com/ZulferDev/smallbt_go/examples/custom_analyzers/main.go:85.43,88.3 2 0
github.com/ZulferDev/smallbt_go/examples/custom_analyzers/main.go:90.2,91.22 2 0
github.com/ZulferDev/smallbt_go/examples/custom_analyzers/main.go:97.44,99.2 1 0
github.com/ZulferDev/smallbt_go/examples/custom_analyzers/main.go:101.92,102.34 1 0
github.com/ZulferDev/smallbt_go/examples/custom_analyzers/main.go:102.34,104.3 1 0
github.com/ZulferDev/smallbt_go/examples/custom_analyzers/main.go:106.2,109.43 3 0
github.com/ZulferDev/smallbt_go/examples/custom_analyzers/main.go:109.43,110.35 1 0
github.com/ZulferDev/smallbt_go/examples/custom_analyzers/main.go:110.35,114.4 3 0
github.com/ZulferDev/smallbt_go/examples/custom_analyzers/main.go:117.2,117.16 1 0
github.com/ZulferDev/smallbt_go/examples/custom_analyzers/main.go:117.16,119.3 1 0
github.com/ZulferDev/smallbt_go/examples/custom_analyzers/main.go:121.2,121.38 1 0
github.com/ZulferDev/smallbt_go/examples/custom_analyzers/main.go:137.47,139.2 1 0
github.com/ZulferDev/smallbt_go/examples/custom_analyzers/main.go:141.95,142.34 1 0
github.com/ZulferDev/smallbt_go/examples/custom_analyzers/main.go:142.34,144.3 1 0
github.com/ZulferDev/smallbt_go/examples/custom_analyzers/main.go:146.2,150.43 4 0
github.com/ZulferDev/smallbt_go/examples/custom_analyzers/main.go:150.43,151.47 1 0
github.com/ZulferDev/smallbt_go/examples/custom_analyzers/main.go:151.47,154.24 3 0
github.com/ZulferDev/smallbt_go/examples/custom_analyzers/main.go:154.24,156.5 1 0
github.com/ZulferDev/smallbt_go/examples/custom_analyzers/main.go:157.9,157.55 1 0
github.com/ZulferDev/smallbt_go/examples/custom_analyzers/main.go:157.55,160.24 3 0
github.com/ZulferDev/smallbt_go/examples/custom_analyzers/main.go:160.24,162.5 1 0
github.com/ZulferDev/smallbt_go/examples/custom_analyzers/main.go:166.2,166.30 1 0
github.com/ZulferDev/smallbt_go/examples/custom_analyzers/main.go:166.30,168.3 1 0
github.com/ZulferDev/smallbt_go/examples/custom_analyzers/main.go:169.2,169.31 1 0
github.com/ZulferDev/smallbt_go/examples/custom_analyzers/main.go:169.31,171.3 1 0
github.com/ZulferDev/smallbt_go/examples/custom_analyzers/main.go:173.2,173.23 1 0
github.com/ZulferDev/smallbt_go/examples/custom_analyzers/main.go:179.46,181.2 1 0
github.com/ZulferDev/smallbt_go/examples/custom_analyzers/main.go:183.94,184.34 1 0
github.com/ZulferDev/smallbt_go/examples/custom_analyzers/main.go:184.34,186.3 1 0
github.com/ZulferDev/smallbt_go/examples/custom_analyzers/main.go:189.2,190.43 2 0
github.com/ZulferDev/smallbt_go/examples/custom_analyzers/main.go:190.43,192.3 1 0
github.com/ZulferDev/smallbt_go/examples/custom_analyzers/main.go:193.2,197.43 3 0
github.com/ZulferDev/smallbt_go/examples/custom_analyzers/main.go:197.43,200.3 2 0
github.com/ZulferDev/smallbt_go/examples/custom_analyzers/main.go:201.2,205.20 3 0
github.com/ZulferDev/smallbt_go/examples/custom_analyzers/main.go:219.50,221.2 1 0
github.com/ZulferDev/smallbt_go/examples/custom_analyzers/main.go:223.98,224.34 1 0
github.com/ZulferDev/smallbt_go/examples/custom_analyzers/main.go:224.34,226.3 1 0
github.com/ZulferDev/smallbt_go/examples/custom_analyzers/main.go:229.2,231.43 2 0
github.com/ZulferDev/smallbt_go/examples/custom_analyzers/main.go:231.43,234.47 2 0
github.com/ZulferDev/smallbt_go/examples/custom_analyzers/main.go:234.47,238.4 1 0
github.com/ZulferDev/smallbt_go/examples/custom_analyzers/main.go:240.3,243.23 4 0
github.com/ZulferDev/smallbt_go/examples/custom_analyzers/main.go:243.24,245.4 0 0
github.com/ZulferDev/smallbt_go/examples/custom_analyzers/main.go:249.2,250.40 2 0
github.com/ZulferDev/smallbt_go/examples/custom_analyzers/main.go:250.40,253.44 2 0
github.com/ZulferDev/smallbt_go/examples/custom_analyzers/main.go:253.44,254.69 1 0
github.com/ZulferDev/smallbt_go/examples/custom_analyzers/main.go:254.69,256.5 1 0
github.com/ZulferDev/smallbt_go/examples/custom_analyzers/main.go:258.3,258.23 1 0
github.com/ZulferDev/smallbt_go/examples/custom_analyzers/main.go:258.23,260.4 1 0
github.com/ZulferDev/smallbt_go/examples/custom_analyzers/main.go:261.3,261.36 1 0
github.com/ZulferDev/smallbt_go/examples/custom_analyzers/main.go:264.2,264.21 1 0
github.com/ZulferDev/smallbt_go/examples/custom_analyzers/main.go:267.13,274.65 4 0
github.com/ZulferDev/smallbt_go/examples/custom_analyzers/main.go:274.65,276.3 1 0
github.com/ZulferDev/smallbt_go/examples/custom_analyzers/main.go:278.2,278.66 1 0
github.com/ZulferDev/smallbt_go/examples/custom_analyzers/main.go:278.66,280.3 1 0
github.com/ZulferDev/smallbt_go/examples/custom_analyzers/main.go:282.2,282.72 1 0
github.com/ZulferDev/smallbt_go/examples/custom_analyzers/main.go:282.72,284.3 1 0
github.com/ZulferDev/smallbt_go/examples/custom_analyzers/main.go:286.2,286.66 1 0
github.com/ZulferDev/smallbt_go/examples/custom_analyzers/main.go:286.66,288.3 1 0
github.com/ZulferDev/smallbt_go/examples/custom_analyzers/main.go:290.2,290.69 1 0
github.com/ZulferDev/smallbt_go/examples/custom_analyzers/main.go:290.69,292.3 1 0
github.com/ZulferDev/smallbt_go/examples/custom_analyzers/main.go:294.2,294.68 1 0
github.com/ZulferDev/smallbt_go/examples/custom_analyzers/main.go:294.68,296.3 1 0
github.com/ZulferDev/smallbt_go/examples/custom_analyzers/main.go:298.2,298.72 1 0
github.com/ZulferDev/smallbt_go/examples/custom_analyzers/main.go:298.72,300.3 1 0
github.com/ZulferDev/smallbt_go/examples/custom_analyzers/main.go:302.2,344.61 16 0
github.com/ZulferDev/smallbt_go/examples/custom_analyzers/main.go:344.61,346.3 1 0
github.com/ZulferDev/smallbt_go/examples/custom_analyzers/main.go:347.2,347.63 1 0
github.com/ZulferDev/smallbt_go/examples/custom_analyzers/main.go:347.63,349.3 1 0
github.com/ZulferDev/smallbt_go/examples/custom_analyzers/main.go:352.2,352.74 1 0
github.com/ZulferDev/smallbt_go/examples/custom_analyzers/main.go:352.74,354.3 1 0
github.com/ZulferDev/smallbt_go/examples/custom_analyzers/main.go:357.2,357.62 1 0
github.com/ZulferDev/smallbt_go/examples/custom_analyzers/main.go:357.62,359.3 1 0
github.com/ZulferDev/smallbt_go/examples/custom_analyzers/main.go:362.2,362.59 1 0
github.com/ZulferDev/smallbt_go/examples/custom_analyzers/main.go:362.59,364.3 1 0
github.com/ZulferDev/smallbt_go/examples/custom_analyzers/main.go:367.2,367.69 1 0
github.com/ZulferDev/smallbt_go/examples/custom_analyzers/main.go:367.69,375.3 7 0
github.com/ZulferDev/smallbt_go/examples/custom_analyzers/main.go:378.2,378.90 1 0
github.com/ZulferDev/smallbt_go/examples/custom_analyzers/main.go:378.90,380.33 2 0
github.com/ZulferDev/smallbt_go/examples/custom_analyzers/main.go:380.33,383.4 1 0
github.com/ZulferDev/smallbt_go/examples/custom_analyzers/main.go:384.3,384.16 1 0
github.com/ZulferDev/smallbt_go/examples/custom_analyzers/main.go:388.2,390.40 3 0
github.com/ZulferDev/smallbt_go/examples/custom_analyzers/main.go:390.40,392.3 1 0
github.com/ZulferDev/smallbt_go/examples/custom_analyzers/main.go:394.2,394.40 1 0
github.com/ZulferDev/smallbt_go/internal/error.go:30.35,31.18 1 0
github.com/ZulferDev/smallbt_go/internal/error.go:31.18,33.3 1 0
github.com/ZulferDev/smallbt_go/internal/error.go:34.2,34.49 1 0
github.com/ZulferDev/smallbt_go/internal/error.go:37.35,39.2 1 0
github.com/ZulferDev/smallbt_go/internal/error.go:42.57,49.2 1 0
github.com/ZulferDev/smallbt_go/internal/error.go:52.55,59.2 1 0
github.com/ZulferDev/smallbt_go/internal/error.go:62.67,70.2 1 0
github.com/ZulferDev/smallbt_go/internal/error.go:73.55,80.2 1 0
github.com/ZulferDev/smallbt_go/internal/error.go:83.63,90.2 1 0
github.com/ZulferDev/smallbt_go/cmd/trader/main.go:32.13,33.30 1 0
github.com/ZulferDev/smallbt_go/cmd/trader/main.go:33.30,36.3 2 0
github.com/ZulferDev/smallbt_go/cmd/trader/main.go:39.18,40.22 1 0
github.com/ZulferDev/smallbt_go/cmd/trader/main.go:40.22,42.3 1 0
github.com/ZulferDev/smallbt_go/cmd/trader/main.go:44.2,46.17 2 0
github.com/ZulferDev/smallbt_go/cmd/trader/main.go:47.18,48.34 1 0
github.com/ZulferDev/smallbt_go/cmd/trader/main.go:49.29,50.44 1 0
github.com/ZulferDev/smallbt_go/cmd/trader/main.go:51.18,52.34 1 0
github.com/ZulferDev/smallbt_go/cmd/trader/main.go:53.18,54.34 1 0
github.com/ZulferDev/smallbt_go/cmd/trader/main.go:55.21,56.37 1 0
github.com/ZulferDev/smallbt_go/cmd/trader/main.go:57.20,58.36 1 0
github.com/ZulferDev/smallbt_go/cmd/trader/main.go:59.15,60.31 1 0
github.com/ZulferDev/smallbt_go/cmd/trader/main.go:61.16,62.32 1 0
github.com/ZulferDev/smallbt_go/cmd/trader/main.go:63.23,64.38 1 0
github.com/ZulferDev/smallbt_go/cmd/trader/main.go:65.24,66.39 1 0
github.com/ZulferDev/smallbt_go/cmd/trader/main.go:67.30,69.13 2 0
github.com/ZulferDev/smallbt_go/cmd/trader/main.go:70.25,72.13 2 0
github.com/ZulferDev/smallbt_go/cmd/trader/main.go:73.10,74.52 1 0
github.com/ZulferDev/smallbt_go/cmd/trader/main.go:78.18,105.2 1 0
github.com/ZulferDev/smallbt_go/cmd/trader/main.go:107.39,112.39 3 0
github.com/ZulferDev/smallbt_go/cmd/trader/main.go:112.39,114.3 1 0
github.com/ZulferDev/smallbt_go/cmd/trader/main.go:116.2,116.25 1 0
github.com/ZulferDev/smallbt_go/cmd/trader/main.go:116.25,118.25 1 0
github.com/ZulferDev/smallbt_go/cmd/trader/main.go:118.25,120.4 1 0
github.com/ZulferDev/smallbt_go/cmd/trader/main.go:123.2,123.25 1 0
github.com/ZulferDev/smallbt_go/cmd/trader/main.go:123.25,125.3 1 0
github.com/ZulferDev/smallbt_go/cmd/trader/main.go:128.2,130.16 3 0
github.com/ZulferDev/smallbt_go/cmd/trader/main.go:130.16,132.3 1 0
github.com/ZulferDev/smallbt_go/cmd/trader/main.go:135.2,135.25 1 0
github.com/ZulferDev/smallbt_go/cmd/trader/main.go:135.25,137.3 1 0
github.com/ZulferDev/smallbt_go/cmd/trader/main.go:139.2,139.32 1 0
github.com/ZulferDev/smallbt_go/cmd/trader/main.go:139.32,141.3 1 0
github.com/ZulferDev/smallbt_go/cmd/trader/main.go:143.2,143.35 1 0
github.com/ZulferDev/smallbt_go/cmd/trader/main.go:143.35,145.3 1 0
github.com/ZulferDev/smallbt_go/cmd/trader/main.go:147.2,147.63 1 0
github.com/ZulferDev/smallbt_go/cmd/trader/main.go:147.63,149.3 1 0
github.com/ZulferDev/smallbt_go/cmd/trader/main.go:151.2,157.32 5 0
github.com/ZulferDev/smallbt_go/cmd/trader/main.go:157.32,159.3 1 0
github.com/ZulferDev/smallbt_go/cmd/trader/main.go:160.2,160.33 1 0
github.com/ZulferDev/smallbt_go/cmd/trader/main.go:160.33,162.3 1 0
github.com/ZulferDev/smallbt_go/cmd/trader/main.go:163.2,166.51 2 0
github.com/ZulferDev/smallbt_go/cmd/trader/main.go:166.51,168.3 1 0
github.com/ZulferDev/smallbt_go/cmd/trader/main.go:170.2,170.12 1 0
github.com/ZulferDev/smallbt_go/cmd/trader/main.go:173.49,177.39 3 0
github.com/ZulferDev/smallbt_go/cmd/trader/main.go:177.39,179.3 1 0
github.com/ZulferDev/smallbt_go/cmd/trader/main.go:181.2,181.25 1 0
github.com/ZulferDev/smallbt_go/cmd/trader/main.go:181.25,183.3 1 0
github.com/ZulferDev/smallbt_go/cmd/trader/main.go:185.2,194.16 7 0
github.com/ZulferDev/smallbt_go/cmd/trader/main.go:194.16,196.3 1 0
github.com/ZulferDev/smallbt_go/cmd/trader/main.go:199.2,207.65 2 0
github.com/ZulferDev/smallbt_go/cmd/trader/main.go:207.65,209.3 1 0
github.com/ZulferDev/smallbt_go/cmd/trader/main.go:211.2,215.41 3 0
github.com/ZulferDev/smallbt_go/cmd/trader/main.go:215.41,219.3 3 0
github.com/ZulferDev/smallbt_go/cmd/trader/main.go:221.2,224.30 2 0
github.com/ZulferDev/smallbt_go/cmd/trader/main.go:224.30,228.3 3 0
github.com/ZulferDev/smallbt_go/cmd/trader/main.go:231.2,234.48 3 0
github.com/ZulferDev/smallbt_go/cmd/trader/main.go:234.48,238.20 2 0
github.com/ZulferDev/smallbt_go/cmd/trader/main.go:238.20,241.4 2 0
github.com/ZulferDev/smallbt_go/cmd/trader/main.go:243.3,246.25 2 0
github.com/ZulferDev/smallbt_go/cmd/trader/main.go:246.25,248.36 2 0
github.com/ZulferDev/smallbt_go/cmd/trader/main.go:248.36,250.5 1 0
github.com/ZulferDev/smallbt_go/cmd/trader/main.go:252.3,252.16 1 0
github.com/ZulferDev/smallbt_go/cmd/trader/main.go:255.2,259.12 4 0
github.com/ZulferDev/smallbt_go/cmd/trader/main.go:262.39,282.39 16 0
github.com/ZulferDev/smallbt_go/cmd/trader/main.go:282.39,284.3 1 0
github.com/ZulferDev/smallbt_go/cmd/trader/main.go:287.2,287.23 1 0
github.com/ZulferDev/smallbt_go/cmd/trader/main.go:287.23,289.17 2 0
github.com/ZulferDev/smallbt_go/cmd/trader/main.go:289.17,291.4 1 0
github.com/ZulferDev/smallbt_go/cmd/trader/main.go:292.3,293.50 2 0
github.com/ZulferDev/smallbt_go/cmd/trader/main.go:293.50,295.4 1 0
github.com/ZulferDev/smallbt_go/cmd/trader/main.go:296.3,297.57 2 0
github.com/ZulferDev/smallbt_go/cmd/trader/main.go:301.2,301.25 1 0
github.com/ZulferDev/smallbt_go/cmd/trader/main.go:301.25,303.3 1 0
github.com/ZulferDev/smallbt_go/cmd/trader/main.go:304.2,304.21 1 0
github.com/ZulferDev/smallbt_go/cmd/trader/main.go:304.21,306.3 1 0
github.com/ZulferDev/smallbt_go/cmd/trader/main.go:309.2,311.16 3 0
github.com/ZulferDev/smallbt_go/cmd/trader/main.go:311.16,313.3 1 0
github.com/ZulferDev/smallbt_go/cmd/trader/main.go:315.2,315.19 1 0
github.com/ZulferDev/smallbt_go/cmd/trader/main.go:315.19,316.33 1 0
github.com/ZulferDev/smallbt_go/cmd/trader/main.go:316.33,318.4 1 0
github.com/ZulferDev/smallbt_go/cmd/trader/main.go:318.9,320.4 1 0
github.com/ZulferDev/smallbt_go/cmd/trader/main.go:324.2,326.16 3 0
github.com/ZulferDev/smallbt_go/cmd/trader/main.go:326.16,332.66 2 0
github.com/ZulferDev/smallbt_go/cmd/trader/main.go:332.66,334.57 2 0
github.com/ZulferDev/smallbt_go/cmd/trader/main.go:334.57,336.51 2 0
github.com/ZulferDev/smallbt_go/cmd/trader/main.go:336.51,338.6 1 0
github.com/ZulferDev/smallbt_go/cmd/trader/main.go:344.2,360.22 2 0
github.com/ZulferDev/smallbt_go/cmd/trader/main.go:360.22,362.17 2 0
github.com/ZulferDev/smallbt_go/cmd/trader/main.go:362.17,364.4 1 0
github.com/ZulferDev/smallbt_go/cmd/trader/main.go:365.3,365.31 1 0
github.com/ZulferDev/smallbt_go/cmd/trader/main.go:367.2,367.20 1 0
github.com/ZulferDev/smallbt_go/cmd/trader/main.go:367.20,369.17 2 0
github.com/ZulferDev/smallbt_go/cmd/trader/main.go:369.17,371.4 1 0
github.com/ZulferDev/smallbt_go/cmd/trader/main.go:372.3,372.27 1 0
github.com/ZulferDev/smallbt_go/cmd/trader/main.go:375.2,386.16 10 0
github.com/ZulferDev/smallbt_go/cmd/trader/main.go:386.16,388.3 1 0
github.com/ZulferDev/smallbt_go/cmd/trader/main.go:389.2,421.23 26 0
github.com/ZulferDev/smallbt_go/cmd/trader/main.go:421.23,423.17 2 0
github.com/ZulferDev/smallbt_go/cmd/trader/main.go:423.17,425.4 1 0
github.com/ZulferDev/smallbt_go/cmd/trader/main.go:426.3,426.68 1 0
github.com/ZulferDev/smallbt_go/cmd/trader/main.go:426.68,428.4 1 0
github.com/ZulferDev/smallbt_go/cmd/trader/main.go:429.3,433.73 3 0
github.com/ZulferDev/smallbt_go/cmd/trader/main.go:433.73,435.4 1 0
github.com/ZulferDev/smallbt_go/cmd/trader/main.go:436.3,436.53 1 0
github.com/ZulferDev/smallbt_go/cmd/trader/main.go:440.2,440.23 1 0
github.com/ZulferDev/smallbt_go/cmd/trader/main.go:440.23,442.17 2 0
github.com/ZulferDev/smallbt_go/cmd/trader/main.go:442.17,444.4 1 0
github.com/ZulferDev/smallbt_go/cmd/trader/main.go:445.3,446.51 2 0
github.com/ZulferDev/smallbt_go/cmd/trader/main.go:446.51,448.4 1 0
github.com/ZulferDev/smallbt_go/cmd/trader/main.go:449.3,449.58 1 0
github.com/ZulferDev/smallbt_go/cmd/trader/main.go:452.2,452.12 1 0
github.com/ZulferDev/smallbt_go/cmd/trader/main.go:455.39,473.39 16 0
github.com/ZulferDev/smallbt_go/cmd/trader/main.go:473.39,475.3 1 0
github.com/ZulferDev/smallbt_go/cmd/trader/main.go:477.2,477.25 1 0
github.com/ZulferDev/smallbt_go/cmd/trader/main.go:477.25,479.3 1 0
github.com/ZulferDev/smallbt_go/cmd/trader/main.go:480.2,480.21 1 0
github.com/ZulferDev/smallbt_go/cmd/trader/main.go:480.21,482.3 1 0
github.com/ZulferDev/smallbt_go/cmd/trader/main.go:483.2,483.23 1 0
github.com/ZulferDev/smallbt_go/cmd/trader/main.go:483.23,485.3 1 0
github.com/ZulferDev/smallbt_go/cmd/trader/main.go:488.2,489.16 2 0
github.com/ZulferDev/smallbt_go/cmd/trader/main.go:489.16,491.3 1 0
github.com/ZulferDev/smallbt_go/cmd/trader/main.go:494.2,496.16 3 0
github.com/ZulferDev/smallbt_go/cmd/trader/main.go:496.16,498.3 1 0
github.com/ZulferDev/smallbt_go/cmd/trader/main.go:501.2,521.22 2 0
github.com/ZulferDev/smallbt_go/cmd/trader/main.go:521.22,523.17 2 0
github.com/ZulferDev/smallbt_go/cmd/trader/main.go:523.17,525.4 1 0
github.com/ZulferDev/smallbt_go/cmd/trader/main.go:526.3,526.46 1 0
github.com/ZulferDev/smallbt_go/cmd/trader/main.go:528.2,528.20 1 0
github.com/ZulferDev/smallbt_go/cmd/trader/main.go:528.20,530.17 2 0
github.com/ZulferDev/smallbt_go/cmd/trader/main.go:530.17,532.4 1 0
github.com/ZulferDev/smallbt_go/cmd/trader/main.go:533.3,533.42 1 0
github.com/ZulferDev/smallbt_go/cmd/trader/main.go:537.2,546.32 10 0
github.com/ZulferDev/smallbt_go/cmd/trader/main.go:546.32,548.3 1 0
github.com/ZulferDev/smallbt_go/cmd/trader/main.go:551.2,562.90 7 0
github.com/ZulferDev/smallbt_go/cmd/trader/main.go:562.90,566.17 3 0
github.com/ZulferDev/smallbt_go/cmd/trader/main.go:566.17,568.4 1 0
github.com/ZulferDev/smallbt_go/cmd/trader/main.go:569.3,582.32 3 0
github.com/ZulferDev/smallbt_go/cmd/trader/main.go:585.2,586.16 2 0
github.com/ZulferDev/smallbt_go/cmd/trader/main.go:586.16,588.3 1 0
github.com/ZulferDev/smallbt_go/cmd/trader/main.go:590.2,597.23 4 0
github.com/ZulferDev/smallbt_go/cmd/trader/main.go:597.23,598.54 1 0
github.com/ZulferDev/smallbt_go/cmd/trader/main.go:598.54,600.4 1 0
github.com/ZulferDev/smallbt_go/cmd/trader/main.go:601.3,601.51 1 0
github.com/ZulferDev/smallbt_go/cmd/trader/main.go:605.2,605.22 1 0
github.com/ZulferDev/smallbt_go/cmd/trader/main.go:605.22,606.16 1 0
github.com/ZulferDev/smallbt_go/cmd/trader/main.go:606.16,607.68 1 0
github.com/ZulferDev/smallbt_go/cmd/trader/main.go:607.68,609.5 1 0
github.com/ZulferDev/smallbt_go/cmd/trader/main.go:610.4,610.68 1 0
github.com/ZulferDev/smallbt_go/cmd/trader/main.go:611.9,612.57 1 0
github.com/ZulferDev/smallbt_go/cmd/trader/main.go:612.57,614.5 1 0
github.com/ZulferDev/smallbt_go/cmd/trader/main.go:615.4,615.58 1 0
github.com/ZulferDev/smallbt_go/cmd/trader/main.go:620.2,620.27 1 0
github.com/ZulferDev/smallbt_go/cmd/trader/main.go:620.27,621.80 1 0
github.com/ZulferDev/smallbt_go/cmd/trader/main.go:621.80,623.4 1 0
github.com/ZulferDev/smallbt_go/cmd/trader/main.go:624.3,624.71 1 0
github.com/ZulferDev/smallbt_go/cmd/trader/main.go:627.2,627.12 1 0
github.com/ZulferDev/smallbt_go/cmd/trader/main.go:634.24,635.11 1 0
github.com/ZulferDev/smallbt_go/cmd/trader/main.go:635.11,637.3 1 0
github.com/ZulferDev/smallbt_go/cmd/trader/main.go:638.2,638.10 1 0
github.com/ZulferDev/smallbt_go/cmd/trader/main.go:641.80,645.29 3 0
github.com/ZulferDev/smallbt_go/cmd/trader/main.go:645.29,647.23 2 0
github.com/ZulferDev/smallbt_go/cmd/trader/main.go:647.23,649.4 1 0
github.com/ZulferDev/smallbt_go/cmd/trader/main.go:651.3,653.17 3 0
github.com/ZulferDev/smallbt_go/cmd/trader/main.go:653.17,655.4 1 0
github.com/ZulferDev/smallbt_go/cmd/trader/main.go:656.3,657.17 2 0
github.com/ZulferDev/smallbt_go/cmd/trader/main.go:657.17,659.4 1 0
github.com/ZulferDev/smallbt_go/cmd/trader/main.go:660.3,661.17 2 0
github.com/ZulferDev/smallbt_go/cmd/trader/main.go:661.17,663.4 1 0
github.com/ZulferDev/smallbt_go/cmd/trader/main.go:666.3,667.93 2 0
github.com/ZulferDev/smallbt_go/cmd/trader/main.go:667.93,669.4 1 0
github.com/ZulferDev/smallbt_go/cmd/trader/main.go:672.3,679.5 1 0
github.com/ZulferDev/smallbt_go/cmd/trader/main.go:682.2,682.20 1 0
github.com/ZulferDev/smallbt_go/cmd/trader/main.go:685.42,700.39 13 0
github.com/ZulferDev/smallbt_go/cmd/trader/main.go:700.39,702.3 1 0
github.com/ZulferDev/smallbt_go/cmd/trader/main.go:704.2,704.25 1 0
github.com/ZulferDev/smallbt_go/cmd/trader/main.go:704.25,706.3 1 0
github.com/ZulferDev/smallbt_go/cmd/trader/main.go:707.2,707.21 1 0
github.com/ZulferDev/smallbt_go/cmd/trader/main.go:707.21,709.3 1 0
github.com/ZulferDev/smallbt_go/cmd/trader/main.go:712.2,714.16 3 0
github.com/ZulferDev/smallbt_go/cmd/trader/main.go:714.16,716.3 1 0
github.com/ZulferDev/smallbt_go/cmd/trader/main.go:719.2,726.42 2 0
github.com/ZulferDev/smallbt_go/cmd/trader/main.go:726.42,728.3 1 0
github.com/ZulferDev/smallbt_go/cmd/trader/main.go:731.2,733.16 3 0
github.com/ZulferDev/smallbt_go/cmd/trader/main.go:733.16,735.3 1 0
github.com/ZulferDev/smallbt_go/cmd/trader/main.go:738.2,755.16 15 0
github.com/ZulferDev/smallbt_go/cmd/trader/main.go:755.16,757.3 1 0
github.com/ZulferDev/smallbt_go/cmd/trader/main.go:760.2,760.55 1 0
github.com/ZulferDev/smallbt_go/cmd/trader/main.go:760.55,762.3 1 0
github.com/ZulferDev/smallbt_go/cmd/trader/main.go:764.2,768.27 3 0
github.com/ZulferDev/smallbt_go/cmd/trader/main.go:768.27,770.50 2 0
github.com/ZulferDev/smallbt_go/cmd/trader/main.go:770.50,772.21 2 0
github.com/ZulferDev/smallbt_go/cmd/trader/main.go:772.21,779.5 1 0
github.com/ZulferDev/smallbt_go/cmd/trader/main.go:781.3,781.28 1 0
github.com/ZulferDev/smallbt_go/cmd/trader/main.go:781.28,783.4 1 0
github.com/ZulferDev/smallbt_go/cmd/trader/main.go:786.2,792.23 5 0
github.com/ZulferDev/smallbt_go/cmd/trader/main.go:792.23,807.17 3 0
github.com/ZulferDev/smallbt_go/cmd/trader/main.go:807.17,809.4 1 0
github.com/ZulferDev/smallbt_go/cmd/trader/main.go:811.3,811.68 1 0
github.com/ZulferDev/smallbt_go/cmd/trader/main.go:811.68,813.4 1 0
github.com/ZulferDev/smallbt_go/cmd/trader/main.go:815.3,815.58 1 0
github.com/ZulferDev/smallbt_go/cmd/trader/main.go:819.2,819.23 1 0
github.com/ZulferDev/smallbt_go/cmd/trader/main.go:819.23,820.27 1 0
github.com/ZulferDev/smallbt_go/cmd/trader/main.go:820.27,821.68 1 0
github.com/ZulferDev/smallbt_go/cmd/trader/main.go:821.68,823.5 1 0
github.com/ZulferDev/smallbt_go/cmd/trader/main.go:824.4,824.63 1 0
github.com/ZulferDev/smallbt_go/cmd/trader/main.go:825.9,827.4 1 0
github.com/ZulferDev/smallbt_go/cmd/trader/main.go:830.2,830.25 1 0
github.com/ZulferDev/smallbt_go/cmd/trader/main.go:830.25,831.33 1 0
github.com/ZulferDev/smallbt_go/cmd/trader/main.go:831.33,832.72 1 0
github.com/ZulferDev/smallbt_go/cmd/trader/main.go:832.72,834.5 1 0
github.com/ZulferDev/smallbt_go/cmd/trader/main.go:835.4,835.68 1 0
github.com/ZulferDev/smallbt_go/cmd/trader/main.go:836.9,838.4 1 0
github.com/ZulferDev/smallbt_go/cmd/trader/main.go:841.2,841.25 1 0
github.com/ZulferDev/smallbt_go/cmd/trader/main.go:841.25,842.27 1 0
github.com/ZulferDev/smallbt_go/cmd/trader/main.go:842.27,843.74 1 0
github.com/ZulferDev/smallbt_go/cmd/trader/main.go:843.74,845.5 1 0
github.com/ZulferDev/smallbt_go/cmd/trader/main.go:846.4,846.69 1 0
github.com/ZulferDev/smallbt_go/cmd/trader/main.go:847.9,849.4 1 0
github.com/ZulferDev/smallbt_go/cmd/trader/main.go:852.2,852.12 1 0
github.com/ZulferDev/smallbt_go/cmd/trader/main.go:855.41,867.39 11 0
github.com/ZulferDev/smallbt_go/cmd/trader/main.go:867.39,869.3 1 0
github.com/ZulferDev/smallbt_go/cmd/trader/main.go:871.2,871.23 1 0
github.com/ZulferDev/smallbt_go/cmd/trader/main.go:871.23,873.3 1 0
github.com/ZulferDev/smallbt_go/cmd/trader/main.go:876.2,877.16 2 0
github.com/ZulferDev/smallbt_go/cmd/trader/main.go:877.16,879.3 1 0
github.com/ZulferDev/smallbt_go/cmd/trader/main.go:881.2,882.61 2 0
github.com/ZulferDev/smallbt_go/cmd/trader/main.go:882.61,884.3 1 0
github.com/ZulferDev/smallbt_go/cmd/trader/main.go:886.2,900.40 13 0
github.com/ZulferDev/smallbt_go/cmd/trader/main.go:900.40,916.3 1 0
github.com/ZulferDev/smallbt_go/cmd/trader/main.go:919.2,930.16 5 0
github.com/ZulferDev/smallbt_go/cmd/trader/main.go:930.16,932.3 1 0
github.com/ZulferDev/smallbt_go/cmd/trader/main.go:934.2,965.23 22 0
github.com/ZulferDev/smallbt_go/cmd/trader/main.go:965.23,991.17 3 0
github.com/ZulferDev/smallbt_go/cmd/trader/main.go:991.17,993.4 1 0
github.com/ZulferDev/smallbt_go/cmd/trader/main.go:995.3,995.68 1 0
github.com/ZulferDev/smallbt_go/cmd/trader/main.go:995.68,997.4 1 0
github.com/ZulferDev/smallbt_go/cmd/trader/main.go:999.3,999.54 1 0
github.com/ZulferDev/smallbt_go/cmd/trader/main.go:1003.2,1003.21 1 0
github.com/ZulferDev/smallbt_go/cmd/trader/main.go:1003.21,1004.67 1 0
github.com/ZulferDev/smallbt_go/cmd/trader/main.go:1004.67,1006.4 1 0
github.com/ZulferDev/smallbt_go/cmd/trader/main.go:1007.3,1007.56 1 0
github.com/ZulferDev/smallbt_go/cmd/trader/main.go:1010.2,1010.27 1 0
github.com/ZulferDev/smallbt_go/cmd/trader/main.go:1010.27,1011.74 1 0
github.com/ZulferDev/smallbt_go/cmd/trader/main.go:1011.74,1013.4 1 0
github.com/ZulferDev/smallbt_go/cmd/trader/main.go:1014.3,1014.63 1 0
github.com/ZulferDev/smallbt_go/cmd/trader/main.go:1017.2,1017.27 1 0
github.com/ZulferDev/smallbt_go/cmd/trader/main.go:1017.27,1018.74 1 0
github.com/ZulferDev/smallbt_go/cmd/trader/main.go:1018.74,1020.4 1 0
github.com/ZulferDev/smallbt_go/cmd/trader/main.go:1021.3,1021.63 1 0
github.com/ZulferDev/smallbt_go/cmd/trader/main.go:1024.2,1024.24 1 0
github.com/ZulferDev/smallbt_go/cmd/trader/main.go:1024.24,1025.80 1 0
github.com/ZulferDev/smallbt_go/cmd/trader/main.go:1025.80,1027.4 1 0
github.com/ZulferDev/smallbt_go/cmd/trader/main.go:1028.3,1028.70 1 0
github.com/ZulferDev/smallbt_go/cmd/trader/main.go:1031.2,1031.20 1 0
github.com/ZulferDev/smallbt_go/cmd/trader/main.go:1031.20,1032.68 1 0
github.com/ZulferDev/smallbt_go/cmd/trader/main.go:1032.68,1034.4 1 0
github.com/ZulferDev/smallbt_go/cmd/trader/main.go:1035.3,1035.58 1 0
github.com/ZulferDev/smallbt_go/cmd/trader/main.go:1038.2,1038.12 1 0
github.com/ZulferDev/smallbt_go/cmd/trader/main.go:1041.37,1050.39 8 0
github.com/ZulferDev/smallbt_go/cmd/trader/main.go:1050.39,1052.3 1 0
github.com/ZulferDev/smallbt_go/cmd/trader/main.go:1054.2,1054.23 1 0
github.com/ZulferDev/smallbt_go/cmd/trader/main.go:1054.23,1056.3 1 0
github.com/ZulferDev/smallbt_go/cmd/trader/main.go:1059.2,1060.16 2 0
github.com/ZulferDev/smallbt_go/cmd/trader/main.go:1060.16,1062.3 1 0
github.com/ZulferDev/smallbt_go/cmd/trader/main.go:1064.2,1065.61 2 0
github.com/ZulferDev/smallbt_go/cmd/trader/main.go:1065.61,1067.3 1 0
github.com/ZulferDev/smallbt_go/cmd/trader/main.go:1070.2,1071.34 2 0
github.com/ZulferDev/smallbt_go/cmd/trader/main.go:1072.14,1073.35 1 0
github.com/ZulferDev/smallbt_go/cmd/trader/main.go:1074.24,1075.39 1 0
github.com/ZulferDev/smallbt_go/cmd/trader/main.go:1076.21,1077.35 1 0
github.com/ZulferDev/smallbt_go/cmd/trader/main.go:1078.10,1079.85 1 0
github.com/ZulferDev/smallbt_go/cmd/trader/main.go:1083.2,1099.16 4 0
github.com/ZulferDev/smallbt_go/cmd/trader/main.go:1099.16,1101.3 1 0
github.com/ZulferDev/smallbt_go/cmd/trader/main.go:1104.2,1104.19 1 0
github.com/ZulferDev/smallbt_go/cmd/trader/main.go:1104.19,1105.74 1 0
github.com/ZulferDev/smallbt_go/cmd/trader/main.go:1105.74,1107.4 1 0
github.com/ZulferDev/smallbt_go/cmd/trader/main.go:1108.3,1108.48 1 0
github.com/ZulferDev/smallbt_go/cmd/trader/main.go:1109.8,1111.3 1 0
github.com/ZulferDev/smallbt_go/cmd/trader/main.go:1113.2,1113.12 1 0
github.com/ZulferDev/smallbt_go/cmd/trader/main.go:1116.36,1125.39 8 0
github.com/ZulferDev/smallbt_go/cmd/trader/main.go:1125.39,1127.3 1 0
github.com/ZulferDev/smallbt_go/cmd/trader/main.go:1130.2,1130.25 1 0
github.com/ZulferDev/smallbt_go/cmd/trader/main.go:1130.25,1132.3 1 0
github.com/ZulferDev/smallbt_go/cmd/trader/main.go:1134.2,1135.16 2 0
github.com/ZulferDev/smallbt_go/cmd/trader/main.go:1135.16,1137.3 1 0
github.com/ZulferDev/smallbt_go/cmd/trader/main.go:1139.2,1141.16 3 0
github.com/ZulferDev/smallbt_go/cmd/trader/main.go:1141.16,1143.3 1 0
github.com/ZulferDev/smallbt_go/cmd/trader/main.go:1145.2,1151.25 7 0
github.com/ZulferDev/smallbt_go/cmd/trader/main.go:1151.25,1153.3 1 0
github.com/ZulferDev/smallbt_go/cmd/trader/main.go:1154.2,1166.25 7 0
github.com/ZulferDev/smallbt_go/cmd/trader/main.go:1166.25,1168.3 1 0
github.com/ZulferDev/smallbt_go/cmd/trader/main.go:1173.2,1177.21 4 0
github.com/ZulferDev/smallbt_go/cmd/trader/main.go:1177.21,1179.36 2 0
github.com/ZulferDev/smallbt_go/cmd/trader/main.go:1179.36,1182.4 2 0
github.com/ZulferDev/smallbt_go/cmd/trader/main.go:1185.3,1192.33 5 0
github.com/ZulferDev/smallbt_go/cmd/trader/main.go:1192.33,1196.4 2 0
github.com/ZulferDev/smallbt_go/cmd/trader/main.go:1199.2,1199.12 1 0
github.com/ZulferDev/smallbt_go/cmd/trader/main.go:1202.58,1206.16 3 0
github.com/ZulferDev/smallbt_go/cmd/trader/main.go:1206.16,1208.3 1 0
github.com/ZulferDev/smallbt_go/cmd/trader/main.go:1210.2,1211.16 2 0
github.com/ZulferDev/smallbt_go/cmd/trader/main.go:1211.16,1213.3 1 0
github.com/ZulferDev/smallbt_go/cmd/trader/main.go:1215.2,1222.24 7 0
github.com/ZulferDev/smallbt_go/cmd/trader/main.go:1222.24,1224.33 2 0
github.com/ZulferDev/smallbt_go/cmd/trader/main.go:1224.33,1228.4 2 0
github.com/ZulferDev/smallbt_go/cmd/trader/main.go:1231.2,1232.12 2 0
github.com/ZulferDev/smallbt_go/cmd/trader/main.go:1236.101,1246.16 7 0
github.com/ZulferDev/smallbt_go/cmd/trader/main.go:1246.16,1248.3 1 0
github.com/ZulferDev/smallbt_go/cmd/trader/main.go:1249.2,1264.6 10 0
github.com/ZulferDev/smallbt_go/cmd/trader/main.go:1264.6,1265.10 1 0
github.com/ZulferDev/smallbt_go/cmd/trader/main.go:1266.18,1269.36 3 0
github.com/ZulferDev/smallbt_go/cmd/trader/main.go:1271.29,1272.21 1 0
github.com/ZulferDev/smallbt_go/cmd/trader/main.go:1272.21,1273.13 1 0
github.com/ZulferDev/smallbt_go/cmd/trader/main.go:1276.4,1285.71 3 0
github.com/ZulferDev/smallbt_go/cmd/trader/main.go:1287.19,1297.34 6 0
github.com/ZulferDev/smallbt_go/cmd/trader/main.go:1297.34,1301.5 2 0
github.com/ZulferDev/smallbt_go/cmd/trader/main.go:1302.4,1302.17 1 0
github.com/ZulferDev/smallbt_go/cmd/trader/main.go:1307.43,1312.39 4 0
github.com/ZulferDev/smallbt_go/cmd/trader/main.go:1312.39,1314.3 1 0
github.com/ZulferDev/smallbt_go/cmd/trader/main.go:1316.2,1316.23 1 0
github.com/ZulferDev/smallbt_go/cmd/trader/main.go:1316.23,1318.3 1 0
github.com/ZulferDev/smallbt_go/cmd/trader/main.go:1321.2,1322.16 2 0
github.com/ZulferDev/smallbt_go/cmd/trader/main.go:1322.16,1324.3 1 0
github.com/ZulferDev/smallbt_go/cmd/trader/main.go:1326.2,1327.60 2 0
github.com/ZulferDev/smallbt_go/cmd/trader/main.go:1327.60,1329.3 1 0
github.com/ZulferDev/smallbt_go/cmd/trader/main.go:1332.2,1333.56 2 0
github.com/ZulferDev/smallbt_go/cmd/trader/main.go:1333.56,1335.3 1 0
github.com/ZulferDev/smallbt_go/cmd/trader/main.go:1337.2,1338.12 2 0
github.com/ZulferDev/smallbt_go/cmd/trader/main.go:1341.44,1346.39 4 0
github.com/ZulferDev/smallbt_go/cmd/trader/main.go:1346.39,1348.3 1 0
github.com/ZulferDev/smallbt_go/cmd/trader/main.go:1350.2,1350.23 1 0
github.com/ZulferDev/smallbt_go/cmd/trader/main.go:1350.23,1352.3 1 0
github.com/ZulferDev/smallbt_go/cmd/trader/main.go:1355.2,1356.16 2 0
github.com/ZulferDev/smallbt_go/cmd/trader/main.go:1356.16,1358.3 1 0
github.com/ZulferDev/smallbt_go/cmd/trader/main.go:1360.2,1361.60 2 0
github.com/ZulferDev/smallbt_go/cmd/trader/main.go:1361.60,1363.3 1 0
github.com/ZulferDev/smallbt_go/cmd/trader/main.go:1366.2,1373.23 4 0
github.com/ZulferDev/smallbt_go/cmd/trader/main.go:1373.23,1374.73 1 0
github.com/ZulferDev/smallbt_go/cmd/trader/main.go:1374.73,1376.4 1 0
github.com/ZulferDev/smallbt_go/cmd/trader/main.go:1377.3,1377.65 1 0
github.com/ZulferDev/smallbt_go/cmd/trader/main.go:1380.2,1380.12 1 0
github.com/ZulferDev/smallbt_go/cmd/trader/main.go:1384.73,1385.22 1 0
github.com/ZulferDev/smallbt_go/cmd/trader/main.go:1385.22,1388.3 1 0
github.com/ZulferDev/smallbt_go/cmd/trader/main.go:1390.2,1393.31 3 0
github.com/ZulferDev/smallbt_go/cmd/trader/main.go:1393.31,1412.3 2 0
github.com/ZulferDev/smallbt_go/cmd/trader/main.go:1414.2,1414.59 1 0
github.com/ZulferDev/smallbt_go/internal/data/feed.go:69.34,71.2 1 0
github.com/ZulferDev/smallbt_go/internal/data/feed.go:74.34,76.2 1 0
github.com/ZulferDev/smallbt_go/internal/strategy/strategy.go:10.47,12.2 1 0
github.com/ZulferDev/smallbt_go/internal/strategy/compiler/compiler.go:10.54,12.2 1 0
github.com/ZulferDev/smallbt_go/scripts/generate_test_data.go:12.13,13.22 1 0
github.com/ZulferDev/smallbt_go/scripts/generate_test_data.go:13.22,16.3 2 0
github.com/ZulferDev/smallbt_go/scripts/generate_test_data.go:18.2,20.16 3 0
github.com/ZulferDev/smallbt_go/scripts/generate_test_data.go:20.16,21.13 1 0
github.com/ZulferDev/smallbt_go/scripts/generate_test_data.go:23.2,26.16 3 0
github.com/ZulferDev/smallbt_go/scripts/generate_test_data.go:26.16,27.13 1 0
github.com/ZulferDev/smallbt_go/scripts/generate_test_data.go:29.2,44.34 9 0
github.com/ZulferDev/smallbt_go/scripts/generate_test_data.go:44.34,49.14 3 0
github.com/ZulferDev/smallbt_go/scripts/generate_test_data.go:49.14,51.4 1 0
github.com/ZulferDev/smallbt_go/scripts/generate_test_data.go:51.9,51.21 1 0
github.com/ZulferDev/smallbt_go/scripts/generate_test_data.go:51.21,53.4 1 0
github.com/ZulferDev/smallbt_go/scripts/generate_test_data.go:53.9,53.21 1 0
github.com/ZulferDev/smallbt_go/scripts/generate_test_data.go:53.21,55.4 1 0
github.com/ZulferDev/smallbt_go/scripts/generate_test_data.go:55.9,57.4 1 0
github.com/ZulferDev/smallbt_go/scripts/generate_test_data.go:60.3,71.18 8 0
github.com/ZulferDev/smallbt_go/scripts/generate_test_data.go:71.18,73.4 1 0
github.com/ZulferDev/smallbt_go/scripts/generate_test_data.go:74.3,74.17 1 0
github.com/ZulferDev/smallbt_go/scripts/generate_test_data.go:74.17,76.4 1 0
github.com/ZulferDev/smallbt_go/scripts/generate_test_data.go:77.3,77.19 1 0
github.com/ZulferDev/smallbt_go/scripts/generate_test_data.go:77.19,79.4 1 0
github.com/ZulferDev/smallbt_go/scripts/generate_test_data.go:80.3,80.18 1 0
github.com/ZulferDev/smallbt_go/scripts/generate_test_data.go:80.18,82.4 1 0
github.com/ZulferDev/smallbt_go/scripts/generate_test_data.go:85.3,89.39 3 0
github.com/ZulferDev/smallbt_go/scripts/generate_test_data.go:89.39,91.4 1 0
github.com/ZulferDev/smallbt_go/scripts/generate_test_data.go:91.9,91.35 1 0
github.com/ZulferDev/smallbt_go/scripts/generate_test_data.go:91.35,93.4 1 0
github.com/ZulferDev/smallbt_go/scripts/generate_test_data.go:95.3,108.16 3 0
github.com/ZulferDev/smallbt_go/scripts/generate_test_data.go:111.2,111.68 1 0
